2024-12-10T13:48:23.527Z - log: [Package] menu@1.0.0 enable
2024-12-10T13:48:23.528Z - log: [Package] profile@1.0.0 enable
2024-12-10T13:48:23.533Z - log: [Package] project@1.0.2 enable
2024-12-10T13:48:23.537Z - log: [Package] messages@1.0.0 enable
2024-12-10T13:48:23.539Z - log: [Package] program@1.0.0 enable
2024-12-10T13:48:23.544Z - log: [Package] tester@1.0.0 enable
2024-12-10T13:48:23.548Z - log: [Package] preferences@1.0.0 enable
2024-12-10T13:48:25.870Z - log: Profile changed: engine (modules.includeModules: 2d,animation,audio,base,dragon-bones,gfx-webgl,gfx-webgl2,intersection-2d,marionette,particle-2d,physics-2d-box2d,profiler,skeletal-animation,spine,tiled-map,tween,ui,video,webview)
2024-12-10T13:48:25.883Z - log: [Package] engine@1.0.6 enable
2024-12-10T13:48:26.932Z - log: [Package] programming@1.0.0 enable
2024-12-10T13:48:26.966Z - warn: 
2024-12-10T13:48:27.007Z - warn: 
2024-12-10T13:48:27.264Z - log: [Package] device@1.0.1 enable
2024-12-10T13:48:27.297Z - log: [Package] ui-kit@1.0.1 enable
2024-12-10T13:48:27.327Z - log: [Package] engine-extends@1.0.0 enable
2024-12-10T13:48:27.388Z - log: [Package] asset-db@1.0.0 enable
2024-12-10T13:48:27.388Z - warn: 
2024-12-10T13:48:27.421Z - log: [Package] scene@1.0.0 enable
2024-12-10T13:48:27.557Z - log: [Package] server@1.0.0 enable
2024-12-10T13:48:27.601Z - log: [Package] utils@1.0.0 enable
2024-12-10T13:48:28.222Z - warn: Browserslist: caniuse-lite is outdated. Please run:
npx browserslist@latest --update-db

Why you should do it regularly:
https://github.com/browserslist/browserslist#browsers-data-updating
2024-12-10T13:48:37.313Z - warn: 
2024-12-10T13:48:37.313Z - warn: 
2024-12-10T13:48:37.313Z - warn: 
2024-12-10T13:48:37.322Z - warn: 
2024-12-10T13:48:37.323Z - warn: 
2024-12-10T13:48:37.323Z - warn: 
2024-12-10T13:48:39.337Z - warn: 
2024-12-10T13:48:39.422Z - log: [Package] preview@1.0.1 enable
2024-12-10T13:48:39.460Z - log: [Package] animator@1.0.0 enable
2024-12-10T13:48:39.508Z - log: pluginManager init: 0.182ms
2024-12-10T13:48:39.443Z - warn: [Programming] Browserslist: caniuse-lite is outdated. Please run:
  npx update-browserslist-db@latest
  Why you should do it regularly: https://github.com/browserslist/update-db#readme[Programming] Browserslist: caniuse-lite is outdated. Please run:
  npx update-browserslist-db@latest
  Why you should do it regularly: https://github.com/browserslist/update-db#readme  
at Logger.record (C:\ProgramData\cocos\editors\Creator\3.6.0\resources\app.asar\node_modules\@base\electron-logger\lib\renderer.ccc:1:458)  
at console.warn (C:\ProgramData\cocos\editors\Creator\3.6.0\resources\app.asar\node_modules\@base\electron-logger\lib\renderer.ccc:1:1260)  
at Object.oldDataWarning (C:\ProgramData\cocos\editors\Creator\3.6.0\resources\app.asar\node_modules\@cocos\creator-programming-mod-lo\node_modules\browserslist\node.js:386:15)  
at browserslist (C:\ProgramData\cocos\editors\Creator\3.6.0\resources\app.asar\node_modules\@cocos\creator-programming-mod-lo\node_modules\browserslist\index.js:394:7)  
at resolveTargets (C:\ProgramData\cocos\editors\Creator\3.6.0\resources\app.asar\node_modules\@cocos\creator-programming-mod-lo\node_modules\@babel\helper-compilation-targets\lib\index.js:165:20)  
at getTargets (C:\ProgramData\cocos\editors\Creator\3.6.0\resources\app.asar\node_modules\@cocos\creator-programming-mod-lo\node_modules\@babel\helper-compilation-targets\lib\index.js:210:27)  
at getLocalTargets (C:\ProgramData\cocos\editors\Creator\3.6.0\resources\app.asar\node_modules\@cocos\creator-programming-mod-lo\node_modules\@babel\preset-env\lib\index.js:227:48)  
at C:\ProgramData\cocos\editors\Creator\3.6.0\resources\app.asar\node_modules\@cocos\creator-programming-mod-lo\node_modules\@babel\preset-env\lib\index.js:288:15
2024-12-10T13:48:43.481Z - log: Profile changed: builder (log.level: 4)
2024-12-10T13:48:43.500Z - log: [Package] builder@1.3.3 enable
2024-12-10T13:48:43.582Z - log: [Package] shortcuts@1.0.1 enable
2024-12-10T13:48:43.625Z - log: [Package] animation-graph@1.0.0 enable
2024-12-10T13:48:43.664Z - log: [Package] about@1.0.0 enable
2024-12-10T13:48:43.743Z - log: [Package] assets@1.0.0 enable
2024-12-10T13:48:43.794Z - log: [Package] console@1.0.0 enable
2024-12-10T13:48:44.213Z - log: [Package] extension@3.0.16 enable
2024-12-10T13:48:44.254Z - log: [Package] hierarchy@1.0.0 enable
2024-12-10T13:48:44.297Z - log: [Package] inspector@1.0.0 enable
2024-12-10T13:48:44.340Z - log: [Package] lightmap@1.0.4 enable
2024-12-10T13:48:45.363Z - log: [Package] localization-editor@1.0.0 enable
2024-12-10T13:48:45.375Z - log: [Build-plugin] register pkg localization-editor: 7.994ms
2024-12-10T13:48:45.408Z - log: [Package] node-library@1.0.1 enable
2024-12-10T13:48:45.435Z - log: [Package] package-asset@1.0.0 enable
2024-12-10T13:48:45.475Z - log: [Package] process@1.0.0 enable
2024-12-10T13:48:45.520Z - log: [Package] reference-image@1.0.0 enable
2024-12-10T13:48:45.556Z - log: [Package] alipay-mini-game@1.0.1 enable
2024-12-10T13:48:45.564Z - log: [Build-plugin] register pkg alipay-mini-game: 7.804ms
2024-12-10T13:48:45.604Z - log: [Package] android@1.0.1 enable
2024-12-10T13:48:45.614Z - log: [Build-plugin] register pkg android: 9.619ms
2024-12-10T13:48:45.648Z - log: [Package] baidu-mini-game@1.0.1 enable
2024-12-10T13:48:45.650Z - log: [Build-plugin] register pkg baidu-mini-game: 1.573ms
2024-12-10T13:48:45.736Z - log: [Package] bytedance-mini-game@1.0.2 enable
2024-12-10T13:48:45.740Z - log: [Build-plugin] register pkg bytedance-mini-game: 4.233ms
2024-12-10T13:48:45.764Z - log: [Package] certificate@1.0.0 enable
2024-12-10T13:48:45.794Z - log: [Package] channel-upload-tools@1.0.0 enable
2024-12-10T13:48:45.824Z - log: [Package] cocos-play@1.0.1 enable
2024-12-10T13:48:45.832Z - log: [Build-plugin] register pkg cocos-play: 7.252ms
2024-12-10T13:48:45.866Z - log: [Package] huawei-agc@1.0.0 enable
2024-12-10T13:48:45.873Z - log: [Build-plugin] register pkg huawei-agc: 7.024ms
2024-12-10T13:48:45.907Z - log: [Package] huawei-quick-game@1.0.1 enable
2024-12-10T13:48:45.912Z - log: [Build-plugin] register pkg huawei-quick-game: 4.504ms
2024-12-10T13:48:45.913Z - warn: 
2024-12-10T13:48:45.913Z - warn: 
2024-12-10T13:48:45.913Z - warn: 
2024-12-10T13:48:45.946Z - log: [Package] ios@1.0.0 enable
2024-12-10T13:48:45.953Z - log: [Build-plugin] register pkg ios: 7.3ms
2024-12-10T13:48:45.988Z - log: [Package] linux@1.0.0 enable
2024-12-10T13:48:45.991Z - log: [Build-plugin] register pkg linux: 1.536ms
2024-12-10T13:48:46.020Z - log: [Package] mac@1.0.0 enable
2024-12-10T13:48:46.029Z - log: [Build-plugin] register pkg mac: 8.562ms
2024-12-10T13:48:46.175Z - log: [Package] native@1.0.2 enable
2024-12-10T13:48:46.182Z - log: [Build-plugin] register pkg native: 6.676ms
2024-12-10T13:48:46.212Z - log: [Package] ohos@1.0.0 enable
2024-12-10T13:48:46.219Z - log: [Build-plugin] register pkg ohos: 6.911ms
2024-12-10T13:48:46.241Z - log: [Package] open-harmonyos@1.0.0 enable
2024-12-10T13:48:46.242Z - log: [Build-plugin] register pkg open-harmonyos: 1.009ms
2024-12-10T13:48:46.273Z - log: [Package] oppo-mini-game@1.0.1 enable
2024-12-10T13:48:46.276Z - log: [Build-plugin] register pkg oppo-mini-game: 3.344ms
2024-12-10T13:48:46.304Z - log: [Package] runtime-dev-tools@1.0.0 enable
2024-12-10T13:48:46.335Z - log: [Package] vivo-mini-game@1.0.1 enable
2024-12-10T13:48:46.339Z - log: [Build-plugin] register pkg vivo-mini-game: 4.108ms
2024-12-10T13:48:46.394Z - log: [Package] web-desktop@1.0.1 enable
2024-12-10T13:48:46.401Z - log: [Build-plugin] register pkg web-desktop: 5.99ms
2024-12-10T13:48:46.434Z - log: [Package] web-mobile@1.0.1 enable
2024-12-10T13:48:46.438Z - log: [Build-plugin] register pkg web-mobile: 3.037ms
2024-12-10T13:48:46.470Z - log: [Package] wechatgame@1.0.2 enable
2024-12-10T13:48:46.475Z - log: [Build-plugin] register pkg wechatgame: 4.108ms
2024-12-10T13:48:46.507Z - log: [Package] windows@1.0.1 enable
2024-12-10T13:48:46.510Z - log: [Build-plugin] register pkg windows: 3.186ms
2024-12-10T13:48:46.538Z - log: [Package] xiaomi-quick-game@1.0.1 enable
2024-12-10T13:48:46.546Z - log: [Build-plugin] register pkg xiaomi-quick-game: 7.091ms
2024-12-10T13:48:46.927Z - log: [Package] cocos-service@3.0.7 enable
2024-12-10T13:48:46.934Z - log: [Build-plugin] register pkg cocos-service: 3.103ms
2024-12-10T13:48:46.968Z - log: [Package] importer@1.0.0 enable
2024-12-10T13:48:47.299Z - log: [Im-plugin] Check im-plugin version.
2024-12-10T13:48:47.305Z - log: [Package] im-plugin@3.0.9 enable
2024-12-10T13:48:50.012Z - log: [Im-plugin] No online info of im-plugin.
2024-12-10T13:48:50.756Z - log: [Scene] Please specifiy a default value for "cc.EditorExtendable.__editorExtras__" property at its declaration:

 
// Before:
@property(...)
myProp;
// After:
@property(...)
myProp = 0;
2024-12-10T13:48:50.776Z - log: [Scene] Please specifiy a default value for "CCPropertyOverrideInfo.value" property at its declaration:

 
// Before:
@property(...)
myProp;
// After:
@property(...)
myProp = 0;
2024-12-10T13:48:50.777Z - log: [Scene] Please specifiy a default value for "cc.PrefabInfo.asset" property at its declaration:

 
// Before:
@property(...)
myProp;
// After:
@property(...)
myProp = 0;
2024-12-10T13:48:50.777Z - log: [Scene] Please specifiy a default value for "cc.PrefabInfo.nestedPrefabInstanceRoots" property at its declaration:

 
// Before:
@property(...)
myProp;
// After:
@property(...)
myProp = 0;
2024-12-10T13:48:50.781Z - log: [Scene] The 'default' attribute of 'ColorDesc.beginAccesses' must be an array
2024-12-10T13:48:50.781Z - log: [Scene] The 'default' attribute of 'ColorDesc.endAccesses' must be an array
2024-12-10T13:48:50.793Z - log: [Scene] Please specifiy a default value for "cc.animation.TrackBinding.proxy" property at its declaration:

 
// Before:
@property(...)
myProp;
// After:
@property(...)
myProp = 0;
2024-12-10T13:48:50.793Z - log: [Scene] Please specifiy a default value for "cc.animation.Channel._curve" property at its declaration:

 
// Before:
@property(...)
myProp;
// After:
@property(...)
myProp = 0;
2024-12-10T13:48:50.793Z - log: [Scene] Please specifiy a default value for "cc.animation.SingleChannelTrack._channel" property at its declaration:

 
// Before:
@property(...)
myProp;
// After:
@property(...)
myProp = 0;
2024-12-10T13:48:50.794Z - log: [Scene] Please specifiy a default value for "cc.animation.VectorTrack._channels" property at its declaration:

 
// Before:
@property(...)
myProp;
// After:
@property(...)
myProp = 0;
2024-12-10T13:48:50.794Z - log: [Scene] Please specifiy a default value for "cc.animation.ColorTrack._channels" property at its declaration:

 
// Before:
@property(...)
myProp;
// After:
@property(...)
myProp = 0;
2024-12-10T13:48:50.794Z - log: [Scene] Please specifiy a default value for "cc.animation.SizeTrack._channels" property at its declaration:

 
// Before:
@property(...)
myProp;
// After:
@property(...)
myProp = 0;
2024-12-10T13:48:50.794Z - log: [Scene] Please specifiy a default value for "cc.animation.Transition.from" property at its declaration:

 
// Before:
@property(...)
myProp;
// After:
@property(...)
myProp = 0;
2024-12-10T13:48:50.794Z - log: [Scene] Please specifiy a default value for "cc.animation.Transition.to" property at its declaration:

 
// Before:
@property(...)
myProp;
// After:
@property(...)
myProp = 0;
2024-12-10T13:48:50.795Z - log: [Scene] Please specifiy a default value for "cc.animation.StateMachine._entryState" property at its declaration:

 
// Before:
@property(...)
myProp;
// After:
@property(...)
myProp = 0;
2024-12-10T13:48:50.795Z - log: [Scene] Please specifiy a default value for "cc.animation.StateMachine._exitState" property at its declaration:

 
// Before:
@property(...)
myProp;
// After:
@property(...)
myProp = 0;
2024-12-10T13:48:50.795Z - log: [Scene] Please specifiy a default value for "cc.animation.StateMachine._anyState" property at its declaration:

 
// Before:
@property(...)
myProp;
// After:
@property(...)
myProp = 0;
2024-12-10T13:48:50.795Z - log: [Scene] Please specifiy a default value for "cc.animation.Layer._stateMachine" property at its declaration:

 
// Before:
@property(...)
myProp;
// After:
@property(...)
myProp = 0;
2024-12-10T13:48:50.797Z - log: [Scene] Please specifiy a default value for "cc.animation.ExoticVectorLikeTrackValues._values" property at its declaration:

 
// Before:
@property(...)
myProp;
// After:
@property(...)
myProp = 0;
2024-12-10T13:48:50.797Z - log: [Scene] Please specifiy a default value for "cc.animation.ExoticVectorLikeTrackValues._isQuantized" property at its declaration:

 
// Before:
@property(...)
myProp;
// After:
@property(...)
myProp = 0;
2024-12-10T13:48:50.797Z - log: [Scene] Please specifiy a default value for "cc.animation.ExoticTrack.times" property at its declaration:

 
// Before:
@property(...)
myProp;
// After:
@property(...)
myProp = 0;
2024-12-10T13:48:50.797Z - log: [Scene] Please specifiy a default value for "cc.animation.ExoticTrack.values" property at its declaration:

 
// Before:
@property(...)
myProp;
// After:
@property(...)
myProp = 0;
2024-12-10T13:48:50.797Z - log: [Scene] Please specifiy a default value for "cc.animation.QuantizedFloatArray.originalPrecision" property at its declaration:

 
// Before:
@property(...)
myProp;
// After:
@property(...)
myProp = 0;
2024-12-10T13:48:50.797Z - log: [Scene] Please specifiy a default value for "cc.animation.QuantizedFloatArray.min" property at its declaration:

 
// Before:
@property(...)
myProp;
// After:
@property(...)
myProp = 0;
2024-12-10T13:48:50.797Z - log: [Scene] Please specifiy a default value for "cc.animation.QuantizedFloatArray.extent" property at its declaration:

 
// Before:
@property(...)
myProp;
// After:
@property(...)
myProp = 0;
2024-12-10T13:48:50.797Z - log: [Scene] Please specifiy a default value for "cc.animation.QuantizedFloatArray.values" property at its declaration:

 
// Before:
@property(...)
myProp;
// After:
@property(...)
myProp = 0;
2024-12-10T13:48:50.831Z - log: [Scene] 'cc.ParticleSystem2D.color' hides inherited property 'cc.UIRenderer.color'. To make the current property override that implementation, add the `override: true` attribute please.
2024-12-10T13:48:50.871Z - log: [Scene] No needs to indicate the 'cc.Boolean' attribute for "cc.Terrain._receiveShadow", which its default value is type of Boolean.
2024-12-10T13:48:50.871Z - log: [Scene] No needs to indicate the 'cc.Boolean' attribute for "cc.Terrain._useNormalmap", which its default value is type of Boolean.
2024-12-10T13:48:50.871Z - log: [Scene] No needs to indicate the 'cc.Boolean' attribute for "cc.Terrain._usePBR", which its default value is type of Boolean.
2024-12-10T13:48:50.871Z - log: [Scene] No needs to indicate the 'cc.Boolean' attribute for "cc.Terrain._lodEnable", which its default value is type of Boolean.
2024-12-10T13:48:50.963Z - info: [Scene] [Physics][Bullet]: Using asmjs Bullet libs.
2024-12-10T13:48:50.972Z - info: [Scene] [PHYSICS]: using builtin.
2024-12-10T13:48:51.131Z - log: [Scene] Cocos Creator v3.6.0
2024-12-10T13:48:51.132Z - info: [Scene] Forward render pipeline initialized.
2024-12-10T13:49:01.481Z - warn: Metrics: no valid info
